INFO - 2024-03-01 01:24:40 --> Session: Class initialized using 'CodeIgniter\Session\Handlers\FileHandler' driver.
INFO - 2024-03-01 01:35:07 --> Session: Class initialized using 'CodeIgniter\Session\Handlers\FileHandler' driver.
INFO - 2024-03-01 02:13:17 --> Session: Class initialized using 'CodeIgniter\Session\Handlers\FileHandler' driver.
INFO - 2024-03-01 02:15:55 --> Session: Class initialized using 'CodeIgniter\Session\Handlers\FileHandler' driver.
CRITICAL - 2024-03-01 02:15:55 --> ErrorException: Attempt to read property "id" on array
in APPPATH\Views\staf_view.php on line 73.
 1 APPPATH\Views\staf_view.php(73): CodeIgniter\Debug\Exceptions->errorHandler(2, 'Attempt to read property "id" on array', 'C:\\laragon\\www\\pengawas\\app\\Views\\staf_view.php', 73)
 2 SYSTEMPATH\View\View.php(228): include('C:\\laragon\\www\\pengawas\\app\\Views\\staf_view.php')
 3 SYSTEMPATH\View\View.php(231): CodeIgniter\View\View->CodeIgniter\View\{closure}()
 4 SYSTEMPATH\Common.php(1178): CodeIgniter\View\View->render('staf_view', [], true)
 5 APPPATH\Controllers\Staf.php(30): view('staf_view', [...])
 6 SYSTEMPATH\CodeIgniter.php(941): App\Controllers\Staf->index()
 7 SYSTEMPATH\CodeIgniter.php(502): CodeIgniter\CodeIgniter->runController(Object(App\Controllers\Staf))
 8 SYSTEMPATH\CodeIgniter.php(361): CodeIgniter\CodeIgniter->handleRequest(null, Object(Config\Cache), false)
 9 FCPATH\index.php(79): CodeIgniter\CodeIgniter->run()
INFO - 2024-03-01 02:16:17 --> Session: Class initialized using 'CodeIgniter\Session\Handlers\FileHandler' driver.
CRITICAL - 2024-03-01 02:16:17 --> ErrorException: Attempt to read property "kode" on array
in APPPATH\Views\staf_view.php on line 73.
 1 APPPATH\Views\staf_view.php(73): CodeIgniter\Debug\Exceptions->errorHandler(2, 'Attempt to read property "kode" on array', 'C:\\laragon\\www\\pengawas\\app\\Views\\staf_view.php', 73)
 2 SYSTEMPATH\View\View.php(228): include('C:\\laragon\\www\\pengawas\\app\\Views\\staf_view.php')
 3 SYSTEMPATH\View\View.php(231): CodeIgniter\View\View->CodeIgniter\View\{closure}()
 4 SYSTEMPATH\Common.php(1178): CodeIgniter\View\View->render('staf_view', [], true)
 5 APPPATH\Controllers\Staf.php(30): view('staf_view', [...])
 6 SYSTEMPATH\CodeIgniter.php(941): App\Controllers\Staf->index()
 7 SYSTEMPATH\CodeIgniter.php(502): CodeIgniter\CodeIgniter->runController(Object(App\Controllers\Staf))
 8 SYSTEMPATH\CodeIgniter.php(361): CodeIgniter\CodeIgniter->handleRequest(null, Object(Config\Cache), false)
 9 FCPATH\index.php(79): CodeIgniter\CodeIgniter->run()
INFO - 2024-03-01 02:16:56 --> Session: Class initialized using 'CodeIgniter\Session\Handlers\FileHandler' driver.
CRITICAL - 2024-03-01 02:16:56 --> ErrorException: Attempt to read property "kode" on array
in APPPATH\Views\staf_view.php on line 73.
 1 APPPATH\Views\staf_view.php(73): CodeIgniter\Debug\Exceptions->errorHandler(2, 'Attempt to read property "kode" on array', 'C:\\laragon\\www\\pengawas\\app\\Views\\staf_view.php', 73)
 2 SYSTEMPATH\View\View.php(228): include('C:\\laragon\\www\\pengawas\\app\\Views\\staf_view.php')
 3 SYSTEMPATH\View\View.php(231): CodeIgniter\View\View->CodeIgniter\View\{closure}()
 4 SYSTEMPATH\Common.php(1178): CodeIgniter\View\View->render('staf_view', [], true)
 5 APPPATH\Controllers\Staf.php(30): view('staf_view', [...])
 6 SYSTEMPATH\CodeIgniter.php(941): App\Controllers\Staf->index()
 7 SYSTEMPATH\CodeIgniter.php(502): CodeIgniter\CodeIgniter->runController(Object(App\Controllers\Staf))
 8 SYSTEMPATH\CodeIgniter.php(361): CodeIgniter\CodeIgniter->handleRequest(null, Object(Config\Cache), false)
 9 FCPATH\index.php(79): CodeIgniter\CodeIgniter->run()
INFO - 2024-03-01 02:17:52 --> Session: Class initialized using 'CodeIgniter\Session\Handlers\FileHandler' driver.
INFO - 2024-03-01 02:43:50 --> Session: Class initialized using 'CodeIgniter\Session\Handlers\FileHandler' driver.
