INFO - 2024-02-27 01:31:17 --> Session: Class initialized using 'CodeIgniter\Session\Handlers\FileHandler' driver.
INFO - 2024-02-27 01:53:33 --> Session: Class initialized using 'CodeIgniter\Session\Handlers\FileHandler' driver.
CRITICAL - 2024-02-27 01:53:33 --> ErrorException: Undefined property: CodeIgniter\View\View::$load
in APPPATH\Views\template\v_template.php on line 42.
 1 APPPATH\Views\template\v_template.php(42): CodeIgniter\Debug\Exceptions->errorHandler(2, 'Undefined property: CodeIgniter\\View\\View::$load', 'C:\\laragon\\www\\pengawas\\app\\Views\\template\\v_template.php', 42)
 2 APPPATH\Views\staf_view.php(11): include('C:\\laragon\\www\\pengawas\\app\\Views\\template\\v_template.php')
 3 SYSTEMPATH\View\View.php(228): include('C:\\laragon\\www\\pengawas\\app\\Views\\staf_view.php')
 4 SYSTEMPATH\View\View.php(231): CodeIgniter\View\View->CodeIgniter\View\{closure}()
 5 SYSTEMPATH\Common.php(1178): CodeIgniter\View\View->render('staf_view', [], true)
 6 APPPATH\Controllers\Staf.php(30): view('staf_view', [...])
 7 SYSTEMPATH\CodeIgniter.php(941): App\Controllers\Staf->index()
 8 SYSTEMPATH\CodeIgniter.php(502): CodeIgniter\CodeIgniter->runController(Object(App\Controllers\Staf))
 9 SYSTEMPATH\CodeIgniter.php(361): CodeIgniter\CodeIgniter->handleRequest(null, Object(Config\Cache), false)
10 FCPATH\index.php(79): CodeIgniter\CodeIgniter->run()
INFO - 2024-02-27 01:54:47 --> Session: Class initialized using 'CodeIgniter\Session\Handlers\FileHandler' driver.
CRITICAL - 2024-02-27 01:54:47 --> ErrorException: include(template/v_navigation): Failed to open stream: No such file or directory
in APPPATH\Views\template\v_template.php on line 42.
 1 APPPATH\Views\template\v_template.php(42): CodeIgniter\Debug\Exceptions->errorHandler(2, 'include(template/v_navigation): Failed to open stream: No such file or directory', 'C:\\laragon\\www\\pengawas\\app\\Views\\template\\v_template.php', 42)
 2 APPPATH\Views\template\v_template.php(42): include()
 3 APPPATH\Views\staf_view.php(11): include('C:\\laragon\\www\\pengawas\\app\\Views\\template\\v_template.php')
 4 SYSTEMPATH\View\View.php(228): include('C:\\laragon\\www\\pengawas\\app\\Views\\staf_view.php')
 5 SYSTEMPATH\View\View.php(231): CodeIgniter\View\View->CodeIgniter\View\{closure}()
 6 SYSTEMPATH\Common.php(1178): CodeIgniter\View\View->render('staf_view', [], true)
 7 APPPATH\Controllers\Staf.php(30): view('staf_view', [...])
 8 SYSTEMPATH\CodeIgniter.php(941): App\Controllers\Staf->index()
 9 SYSTEMPATH\CodeIgniter.php(502): CodeIgniter\CodeIgniter->runController(Object(App\Controllers\Staf))
10 SYSTEMPATH\CodeIgniter.php(361): CodeIgniter\CodeIgniter->handleRequest(null, Object(Config\Cache), false)
11 FCPATH\index.php(79): CodeIgniter\CodeIgniter->run()
INFO - 2024-02-27 01:55:23 --> Session: Class initialized using 'CodeIgniter\Session\Handlers\FileHandler' driver.
CRITICAL - 2024-02-27 01:55:23 --> ErrorException: include(v_navigation): Failed to open stream: No such file or directory
in APPPATH\Views\template\v_template.php on line 42.
 1 APPPATH\Views\template\v_template.php(42): CodeIgniter\Debug\Exceptions->errorHandler(2, 'include(v_navigation): Failed to open stream: No such file or directory', 'C:\\laragon\\www\\pengawas\\app\\Views\\template\\v_template.php', 42)
 2 APPPATH\Views\template\v_template.php(42): include()
 3 APPPATH\Views\staf_view.php(11): include('C:\\laragon\\www\\pengawas\\app\\Views\\template\\v_template.php')
 4 SYSTEMPATH\View\View.php(228): include('C:\\laragon\\www\\pengawas\\app\\Views\\staf_view.php')
 5 SYSTEMPATH\View\View.php(231): CodeIgniter\View\View->CodeIgniter\View\{closure}()
 6 SYSTEMPATH\Common.php(1178): CodeIgniter\View\View->render('staf_view', [], true)
 7 APPPATH\Controllers\Staf.php(30): view('staf_view', [...])
 8 SYSTEMPATH\CodeIgniter.php(941): App\Controllers\Staf->index()
 9 SYSTEMPATH\CodeIgniter.php(502): CodeIgniter\CodeIgniter->runController(Object(App\Controllers\Staf))
10 SYSTEMPATH\CodeIgniter.php(361): CodeIgniter\CodeIgniter->handleRequest(null, Object(Config\Cache), false)
11 FCPATH\index.php(79): CodeIgniter\CodeIgniter->run()
INFO - 2024-02-27 01:58:15 --> Session: Class initialized using 'CodeIgniter\Session\Handlers\FileHandler' driver.
CRITICAL - 2024-02-27 01:58:15 --> ErrorException: include(template/v_navigation): Failed to open stream: No such file or directory
in APPPATH\Views\template\v_template.php on line 42.
 1 APPPATH\Views\template\v_template.php(42): CodeIgniter\Debug\Exceptions->errorHandler(2, 'include(template/v_navigation): Failed to open stream: No such file or directory', 'C:\\laragon\\www\\pengawas\\app\\Views\\template\\v_template.php', 42)
 2 APPPATH\Views\template\v_template.php(42): include()
 3 APPPATH\Views\staf_view.php(11): include('C:\\laragon\\www\\pengawas\\app\\Views\\template\\v_template.php')
 4 SYSTEMPATH\View\View.php(228): include('C:\\laragon\\www\\pengawas\\app\\Views\\staf_view.php')
 5 SYSTEMPATH\View\View.php(231): CodeIgniter\View\View->CodeIgniter\View\{closure}()
 6 SYSTEMPATH\Common.php(1178): CodeIgniter\View\View->render('staf_view', [], true)
 7 APPPATH\Controllers\Staf.php(30): view('staf_view', [...])
 8 SYSTEMPATH\CodeIgniter.php(941): App\Controllers\Staf->index()
 9 SYSTEMPATH\CodeIgniter.php(502): CodeIgniter\CodeIgniter->runController(Object(App\Controllers\Staf))
10 SYSTEMPATH\CodeIgniter.php(361): CodeIgniter\CodeIgniter->handleRequest(null, Object(Config\Cache), false)
11 FCPATH\index.php(79): CodeIgniter\CodeIgniter->run()
INFO - 2024-02-27 01:58:36 --> Session: Class initialized using 'CodeIgniter\Session\Handlers\FileHandler' driver.
CRITICAL - 2024-02-27 01:58:36 --> ErrorException: Undefined property: CodeIgniter\View\View::$load
in APPPATH\Views\template\v_template.php on line 68.
 1 APPPATH\Views\template\v_template.php(68): CodeIgniter\Debug\Exceptions->errorHandler(2, 'Undefined property: CodeIgniter\\View\\View::$load', 'C:\\laragon\\www\\pengawas\\app\\Views\\template\\v_template.php', 68)
 2 APPPATH\Views\staf_view.php(11): include('C:\\laragon\\www\\pengawas\\app\\Views\\template\\v_template.php')
 3 SYSTEMPATH\View\View.php(228): include('C:\\laragon\\www\\pengawas\\app\\Views\\staf_view.php')
 4 SYSTEMPATH\View\View.php(231): CodeIgniter\View\View->CodeIgniter\View\{closure}()
 5 SYSTEMPATH\Common.php(1178): CodeIgniter\View\View->render('staf_view', [], true)
 6 APPPATH\Controllers\Staf.php(30): view('staf_view', [...])
 7 SYSTEMPATH\CodeIgniter.php(941): App\Controllers\Staf->index()
 8 SYSTEMPATH\CodeIgniter.php(502): CodeIgniter\CodeIgniter->runController(Object(App\Controllers\Staf))
 9 SYSTEMPATH\CodeIgniter.php(361): CodeIgniter\CodeIgniter->handleRequest(null, Object(Config\Cache), false)
10 FCPATH\index.php(79): CodeIgniter\CodeIgniter->run()
INFO - 2024-02-27 01:59:00 --> Session: Class initialized using 'CodeIgniter\Session\Handlers\FileHandler' driver.
CRITICAL - 2024-02-27 01:59:00 --> ErrorException: Undefined variable $view
in APPPATH\Views\template\v_template.php on line 68.
 1 APPPATH\Views\template\v_template.php(68): CodeIgniter\Debug\Exceptions->errorHandler(2, 'Undefined variable $view', 'C:\\laragon\\www\\pengawas\\app\\Views\\template\\v_template.php', 68)
 2 APPPATH\Views\staf_view.php(11): include('C:\\laragon\\www\\pengawas\\app\\Views\\template\\v_template.php')
 3 SYSTEMPATH\View\View.php(228): include('C:\\laragon\\www\\pengawas\\app\\Views\\staf_view.php')
 4 SYSTEMPATH\View\View.php(231): CodeIgniter\View\View->CodeIgniter\View\{closure}()
 5 SYSTEMPATH\Common.php(1178): CodeIgniter\View\View->render('staf_view', [], true)
 6 APPPATH\Controllers\Staf.php(30): view('staf_view', [...])
 7 SYSTEMPATH\CodeIgniter.php(941): App\Controllers\Staf->index()
 8 SYSTEMPATH\CodeIgniter.php(502): CodeIgniter\CodeIgniter->runController(Object(App\Controllers\Staf))
 9 SYSTEMPATH\CodeIgniter.php(361): CodeIgniter\CodeIgniter->handleRequest(null, Object(Config\Cache), false)
10 FCPATH\index.php(79): CodeIgniter\CodeIgniter->run()
INFO - 2024-02-27 01:59:32 --> Session: Class initialized using 'CodeIgniter\Session\Handlers\FileHandler' driver.
CRITICAL - 2024-02-27 01:59:32 --> ErrorException: Undefined property: CodeIgniter\View\View::$load
in APPPATH\Views\template\v_template.php on line 68.
 1 APPPATH\Views\template\v_template.php(68): CodeIgniter\Debug\Exceptions->errorHandler(2, 'Undefined property: CodeIgniter\\View\\View::$load', 'C:\\laragon\\www\\pengawas\\app\\Views\\template\\v_template.php', 68)
 2 APPPATH\Views\staf_view.php(11): include('C:\\laragon\\www\\pengawas\\app\\Views\\template\\v_template.php')
 3 SYSTEMPATH\View\View.php(228): include('C:\\laragon\\www\\pengawas\\app\\Views\\staf_view.php')
 4 SYSTEMPATH\View\View.php(231): CodeIgniter\View\View->CodeIgniter\View\{closure}()
 5 SYSTEMPATH\Common.php(1178): CodeIgniter\View\View->render('staf_view', [], true)
 6 APPPATH\Controllers\Staf.php(30): view('staf_view', [...])
 7 SYSTEMPATH\CodeIgniter.php(941): App\Controllers\Staf->index()
 8 SYSTEMPATH\CodeIgniter.php(502): CodeIgniter\CodeIgniter->runController(Object(App\Controllers\Staf))
 9 SYSTEMPATH\CodeIgniter.php(361): CodeIgniter\CodeIgniter->handleRequest(null, Object(Config\Cache), false)
10 FCPATH\index.php(79): CodeIgniter\CodeIgniter->run()
INFO - 2024-02-27 01:59:54 --> Session: Class initialized using 'CodeIgniter\Session\Handlers\FileHandler' driver.
CRITICAL - 2024-02-27 01:59:54 --> ErrorException: Undefined variable $view
in APPPATH\Views\template\v_template.php on line 68.
 1 APPPATH\Views\template\v_template.php(68): CodeIgniter\Debug\Exceptions->errorHandler(2, 'Undefined variable $view', 'C:\\laragon\\www\\pengawas\\app\\Views\\template\\v_template.php', 68)
 2 APPPATH\Views\staf_view.php(11): include('C:\\laragon\\www\\pengawas\\app\\Views\\template\\v_template.php')
 3 SYSTEMPATH\View\View.php(228): include('C:\\laragon\\www\\pengawas\\app\\Views\\staf_view.php')
 4 SYSTEMPATH\View\View.php(231): CodeIgniter\View\View->CodeIgniter\View\{closure}()
 5 SYSTEMPATH\Common.php(1178): CodeIgniter\View\View->render('staf_view', [], true)
 6 APPPATH\Controllers\Staf.php(30): view('staf_view', [...])
 7 SYSTEMPATH\CodeIgniter.php(941): App\Controllers\Staf->index()
 8 SYSTEMPATH\CodeIgniter.php(502): CodeIgniter\CodeIgniter->runController(Object(App\Controllers\Staf))
 9 SYSTEMPATH\CodeIgniter.php(361): CodeIgniter\CodeIgniter->handleRequest(null, Object(Config\Cache), false)
10 FCPATH\index.php(79): CodeIgniter\CodeIgniter->run()
INFO - 2024-02-27 02:00:30 --> Session: Class initialized using 'CodeIgniter\Session\Handlers\FileHandler' driver.
INFO - 2024-02-27 02:00:40 --> Session: Class initialized using 'CodeIgniter\Session\Handlers\FileHandler' driver.
INFO - 2024-02-27 02:01:04 --> Session: Class initialized using 'CodeIgniter\Session\Handlers\FileHandler' driver.
INFO - 2024-02-27 02:02:51 --> Session: Class initialized using 'CodeIgniter\Session\Handlers\FileHandler' driver.
INFO - 2024-02-27 02:03:06 --> Session: Class initialized using 'CodeIgniter\Session\Handlers\FileHandler' driver.
INFO - 2024-02-27 02:04:00 --> Session: Class initialized using 'CodeIgniter\Session\Handlers\FileHandler' driver.
INFO - 2024-02-27 02:04:30 --> Session: Class initialized using 'CodeIgniter\Session\Handlers\FileHandler' driver.
INFO - 2024-02-27 02:04:56 --> Session: Class initialized using 'CodeIgniter\Session\Handlers\FileHandler' driver.
INFO - 2024-02-27 02:05:25 --> Session: Class initialized using 'CodeIgniter\Session\Handlers\FileHandler' driver.
INFO - 2024-02-27 02:10:25 --> Session: Class initialized using 'CodeIgniter\Session\Handlers\FileHandler' driver.
INFO - 2024-02-27 02:37:03 --> Session: Class initialized using 'CodeIgniter\Session\Handlers\FileHandler' driver.
CRITICAL - 2024-02-27 02:37:03 --> CodeIgniter\View\Exceptions\ViewException: Invalid file: "template/v_template.php"
in SYSTEMPATH\Exceptions\FrameworkException.php on line 39.
 1 SYSTEMPATH\View\View.php(216): CodeIgniter\Exceptions\FrameworkException::forInvalidFile('template/v_template.php')
 2 SYSTEMPATH\Common.php(1178): CodeIgniter\View\View->render('template/v_template', [], true)
 3 APPPATH\Views\staf_view.php(61): view('template/v_template')
 4 SYSTEMPATH\View\View.php(228): include('C:\\laragon\\www\\pengawas\\app\\Views\\staf_view.php')
 5 SYSTEMPATH\View\View.php(231): CodeIgniter\View\View->CodeIgniter\View\{closure}()
 6 SYSTEMPATH\Common.php(1178): CodeIgniter\View\View->render('staf_view', [], true)
 7 APPPATH\Controllers\Staf.php(30): view('staf_view', [...])
 8 SYSTEMPATH\CodeIgniter.php(941): App\Controllers\Staf->index()
 9 SYSTEMPATH\CodeIgniter.php(502): CodeIgniter\CodeIgniter->runController(Object(App\Controllers\Staf))
10 SYSTEMPATH\CodeIgniter.php(361): CodeIgniter\CodeIgniter->handleRequest(null, Object(Config\Cache), false)
11 FCPATH\index.php(79): CodeIgniter\CodeIgniter->run()
INFO - 2024-02-27 02:44:09 --> Session: Class initialized using 'CodeIgniter\Session\Handlers\FileHandler' driver.
CRITICAL - 2024-02-27 02:44:09 --> CodeIgniter\View\Exceptions\ViewException: Invalid file: "template/v_template.php"
in SYSTEMPATH\Exceptions\FrameworkException.php on line 39.
 1 SYSTEMPATH\View\View.php(216): CodeIgniter\Exceptions\FrameworkException::forInvalidFile('template/v_template.php')
 2 SYSTEMPATH\Common.php(1178): CodeIgniter\View\View->render('template/v_template', [], true)
 3 APPPATH\Views\staf_view.php(61): view('template/v_template')
 4 SYSTEMPATH\View\View.php(228): include('C:\\laragon\\www\\pengawas\\app\\Views\\staf_view.php')
 5 SYSTEMPATH\View\View.php(231): CodeIgniter\View\View->CodeIgniter\View\{closure}()
 6 SYSTEMPATH\Common.php(1178): CodeIgniter\View\View->render('staf_view', [], true)
 7 APPPATH\Controllers\Staf.php(30): view('staf_view', [...])
 8 SYSTEMPATH\CodeIgniter.php(941): App\Controllers\Staf->index()
 9 SYSTEMPATH\CodeIgniter.php(502): CodeIgniter\CodeIgniter->runController(Object(App\Controllers\Staf))
10 SYSTEMPATH\CodeIgniter.php(361): CodeIgniter\CodeIgniter->handleRequest(null, Object(Config\Cache), false)
11 FCPATH\index.php(79): CodeIgniter\CodeIgniter->run()
INFO - 2024-02-27 02:44:13 --> Session: Class initialized using 'CodeIgniter\Session\Handlers\FileHandler' driver.
CRITICAL - 2024-02-27 02:44:13 --> CodeIgniter\View\Exceptions\ViewException: Invalid file: "template/v_template.php"
in SYSTEMPATH\Exceptions\FrameworkException.php on line 39.
 1 SYSTEMPATH\View\View.php(216): CodeIgniter\Exceptions\FrameworkException::forInvalidFile('template/v_template.php')
 2 SYSTEMPATH\Common.php(1178): CodeIgniter\View\View->render('template/v_template', [], true)
 3 APPPATH\Views\staf_view.php(61): view('template/v_template')
 4 SYSTEMPATH\View\View.php(228): include('C:\\laragon\\www\\pengawas\\app\\Views\\staf_view.php')
 5 SYSTEMPATH\View\View.php(231): CodeIgniter\View\View->CodeIgniter\View\{closure}()
 6 SYSTEMPATH\Common.php(1178): CodeIgniter\View\View->render('staf_view', [], true)
 7 APPPATH\Controllers\Staf.php(30): view('staf_view', [...])
 8 SYSTEMPATH\CodeIgniter.php(941): App\Controllers\Staf->index()
 9 SYSTEMPATH\CodeIgniter.php(502): CodeIgniter\CodeIgniter->runController(Object(App\Controllers\Staf))
10 SYSTEMPATH\CodeIgniter.php(361): CodeIgniter\CodeIgniter->handleRequest(null, Object(Config\Cache), false)
11 FCPATH\index.php(79): CodeIgniter\CodeIgniter->run()
INFO - 2024-02-27 02:44:14 --> Session: Class initialized using 'CodeIgniter\Session\Handlers\FileHandler' driver.
CRITICAL - 2024-02-27 02:44:14 --> CodeIgniter\View\Exceptions\ViewException: Invalid file: "template/v_template.php"
in SYSTEMPATH\Exceptions\FrameworkException.php on line 39.
 1 SYSTEMPATH\View\View.php(216): CodeIgniter\Exceptions\FrameworkException::forInvalidFile('template/v_template.php')
 2 SYSTEMPATH\Common.php(1178): CodeIgniter\View\View->render('template/v_template', [], true)
 3 APPPATH\Views\staf_view.php(61): view('template/v_template')
 4 SYSTEMPATH\View\View.php(228): include('C:\\laragon\\www\\pengawas\\app\\Views\\staf_view.php')
 5 SYSTEMPATH\View\View.php(231): CodeIgniter\View\View->CodeIgniter\View\{closure}()
 6 SYSTEMPATH\Common.php(1178): CodeIgniter\View\View->render('staf_view', [], true)
 7 APPPATH\Controllers\Staf.php(30): view('staf_view', [...])
 8 SYSTEMPATH\CodeIgniter.php(941): App\Controllers\Staf->index()
 9 SYSTEMPATH\CodeIgniter.php(502): CodeIgniter\CodeIgniter->runController(Object(App\Controllers\Staf))
10 SYSTEMPATH\CodeIgniter.php(361): CodeIgniter\CodeIgniter->handleRequest(null, Object(Config\Cache), false)
11 FCPATH\index.php(79): CodeIgniter\CodeIgniter->run()
CRITICAL - 2024-02-27 02:44:16 --> CodeIgniter\View\Exceptions\ViewException: Invalid file: "layput/v_wrapper.php"
in SYSTEMPATH\Exceptions\FrameworkException.php on line 39.
 1 SYSTEMPATH\View\View.php(216): CodeIgniter\Exceptions\FrameworkException::forInvalidFile('layput/v_wrapper.php')
 2 SYSTEMPATH\Common.php(1178): CodeIgniter\View\View->render('layput/v_wrapper', [], true)
 3 APPPATH\Controllers\Home.php(9): view('layput/v_wrapper')
 4 SYSTEMPATH\CodeIgniter.php(941): App\Controllers\Home->index()
 5 SYSTEMPATH\CodeIgniter.php(502): CodeIgniter\CodeIgniter->runController(Object(App\Controllers\Home))
 6 SYSTEMPATH\CodeIgniter.php(361): CodeIgniter\CodeIgniter->handleRequest(null, Object(Config\Cache), false)
 7 FCPATH\index.php(79): CodeIgniter\CodeIgniter->run()
CRITICAL - 2024-02-27 02:44:17 --> CodeIgniter\View\Exceptions\ViewException: Invalid file: "layput/v_wrapper.php"
in SYSTEMPATH\Exceptions\FrameworkException.php on line 39.
 1 SYSTEMPATH\View\View.php(216): CodeIgniter\Exceptions\FrameworkException::forInvalidFile('layput/v_wrapper.php')
 2 SYSTEMPATH\Common.php(1178): CodeIgniter\View\View->render('layput/v_wrapper', [], true)
 3 APPPATH\Controllers\Home.php(9): view('layput/v_wrapper')
 4 SYSTEMPATH\CodeIgniter.php(941): App\Controllers\Home->index()
 5 SYSTEMPATH\CodeIgniter.php(502): CodeIgniter\CodeIgniter->runController(Object(App\Controllers\Home))
 6 SYSTEMPATH\CodeIgniter.php(361): CodeIgniter\CodeIgniter->handleRequest(null, Object(Config\Cache), false)
 7 FCPATH\index.php(79): CodeIgniter\CodeIgniter->run()
CRITICAL - 2024-02-27 02:44:23 --> ErrorException: Undefined variable $isi
in APPPATH\Views\layout\v_content.php on line 2.
 1 APPPATH\Views\layout\v_content.php(2): CodeIgniter\Debug\Exceptions->errorHandler(2, 'Undefined variable $isi', 'C:\\laragon\\www\\pengawas\\app\\Views\\layout\\v_content.php', 2)
 2 SYSTEMPATH\View\View.php(228): include('C:\\laragon\\www\\pengawas\\app\\Views\\layout\\v_content.php')
 3 SYSTEMPATH\View\View.php(231): CodeIgniter\View\View->CodeIgniter\View\{closure}()
 4 SYSTEMPATH\Common.php(1178): CodeIgniter\View\View->render('layout/v_content', [], true)
 5 APPPATH\Views\layout\v_wrapper.php(3): view('layout/v_content')
 6 SYSTEMPATH\View\View.php(228): include('C:\\laragon\\www\\pengawas\\app\\Views\\layout\\v_wrapper.php')
 7 SYSTEMPATH\View\View.php(231): CodeIgniter\View\View->CodeIgniter\View\{closure}()
 8 SYSTEMPATH\Common.php(1178): CodeIgniter\View\View->render('layout/v_wrapper', [], true)
 9 APPPATH\Controllers\Home.php(9): view('layout/v_wrapper')
10 SYSTEMPATH\CodeIgniter.php(941): App\Controllers\Home->index()
11 SYSTEMPATH\CodeIgniter.php(502): CodeIgniter\CodeIgniter->runController(Object(App\Controllers\Home))
12 SYSTEMPATH\CodeIgniter.php(361): CodeIgniter\CodeIgniter->handleRequest(null, Object(Config\Cache), false)
13 FCPATH\index.php(79): CodeIgniter\CodeIgniter->run()
CRITICAL - 2024-02-27 02:49:47 --> ErrorException: Undefined variable $isi
in APPPATH\Views\layout\v_content.php on line 2.
 1 APPPATH\Views\layout\v_content.php(2): CodeIgniter\Debug\Exceptions->errorHandler(2, 'Undefined variable $isi', 'C:\\laragon\\www\\pengawas\\app\\Views\\layout\\v_content.php', 2)
 2 SYSTEMPATH\View\View.php(228): include('C:\\laragon\\www\\pengawas\\app\\Views\\layout\\v_content.php')
 3 SYSTEMPATH\View\View.php(231): CodeIgniter\View\View->CodeIgniter\View\{closure}()
 4 SYSTEMPATH\Common.php(1178): CodeIgniter\View\View->render('layout/v_content', [], true)
 5 APPPATH\Views\layout\v_wrapper.php(3): view('layout/v_content')
 6 SYSTEMPATH\View\View.php(228): include('C:\\laragon\\www\\pengawas\\app\\Views\\layout\\v_wrapper.php')
 7 SYSTEMPATH\View\View.php(231): CodeIgniter\View\View->CodeIgniter\View\{closure}()
 8 SYSTEMPATH\Common.php(1178): CodeIgniter\View\View->render('layout/v_wrapper', [], true)
 9 APPPATH\Controllers\Home.php(9): view('layout/v_wrapper')
10 SYSTEMPATH\CodeIgniter.php(941): App\Controllers\Home->index()
11 SYSTEMPATH\CodeIgniter.php(502): CodeIgniter\CodeIgniter->runController(Object(App\Controllers\Home))
12 SYSTEMPATH\CodeIgniter.php(361): CodeIgniter\CodeIgniter->handleRequest(null, Object(Config\Cache), false)
13 FCPATH\index.php(79): CodeIgniter\CodeIgniter->run()
CRITICAL - 2024-02-27 02:49:50 --> ErrorException: Undefined variable $isi
in APPPATH\Views\layout\v_content.php on line 2.
 1 APPPATH\Views\layout\v_content.php(2): CodeIgniter\Debug\Exceptions->errorHandler(2, 'Undefined variable $isi', 'C:\\laragon\\www\\pengawas\\app\\Views\\layout\\v_content.php', 2)
 2 SYSTEMPATH\View\View.php(228): include('C:\\laragon\\www\\pengawas\\app\\Views\\layout\\v_content.php')
 3 SYSTEMPATH\View\View.php(231): CodeIgniter\View\View->CodeIgniter\View\{closure}()
 4 SYSTEMPATH\Common.php(1178): CodeIgniter\View\View->render('layout/v_content', [], true)
 5 APPPATH\Views\layout\v_wrapper.php(3): view('layout/v_content')
 6 SYSTEMPATH\View\View.php(228): include('C:\\laragon\\www\\pengawas\\app\\Views\\layout\\v_wrapper.php')
 7 SYSTEMPATH\View\View.php(231): CodeIgniter\View\View->CodeIgniter\View\{closure}()
 8 SYSTEMPATH\Common.php(1178): CodeIgniter\View\View->render('layout/v_wrapper', [], true)
 9 APPPATH\Controllers\Home.php(9): view('layout/v_wrapper')
10 SYSTEMPATH\CodeIgniter.php(941): App\Controllers\Home->index()
11 SYSTEMPATH\CodeIgniter.php(502): CodeIgniter\CodeIgniter->runController(Object(App\Controllers\Home))
12 SYSTEMPATH\CodeIgniter.php(361): CodeIgniter\CodeIgniter->handleRequest(null, Object(Config\Cache), false)
13 FCPATH\index.php(79): CodeIgniter\CodeIgniter->run()
CRITICAL - 2024-02-27 02:52:19 --> ErrorException: Undefined variable $isi
in APPPATH\Views\layout\v_content.php on line 2.
 1 APPPATH\Views\layout\v_content.php(2): CodeIgniter\Debug\Exceptions->errorHandler(2, 'Undefined variable $isi', 'C:\\laragon\\www\\pengawas\\app\\Views\\layout\\v_content.php', 2)
 2 SYSTEMPATH\View\View.php(228): include('C:\\laragon\\www\\pengawas\\app\\Views\\layout\\v_content.php')
 3 SYSTEMPATH\View\View.php(231): CodeIgniter\View\View->CodeIgniter\View\{closure}()
 4 SYSTEMPATH\Common.php(1178): CodeIgniter\View\View->render('layout/v_content', [], true)
 5 APPPATH\Views\layout\v_wrapper.php(3): view('layout/v_content')
 6 SYSTEMPATH\View\View.php(228): include('C:\\laragon\\www\\pengawas\\app\\Views\\layout\\v_wrapper.php')
 7 SYSTEMPATH\View\View.php(231): CodeIgniter\View\View->CodeIgniter\View\{closure}()
 8 SYSTEMPATH\Common.php(1178): CodeIgniter\View\View->render('layout/v_wrapper', [], true)
 9 APPPATH\Controllers\Home.php(9): view('layout/v_wrapper')
10 SYSTEMPATH\CodeIgniter.php(941): App\Controllers\Home->index()
11 SYSTEMPATH\CodeIgniter.php(502): CodeIgniter\CodeIgniter->runController(Object(App\Controllers\Home))
12 SYSTEMPATH\CodeIgniter.php(361): CodeIgniter\CodeIgniter->handleRequest(null, Object(Config\Cache), false)
13 FCPATH\index.php(79): CodeIgniter\CodeIgniter->run()
CRITICAL - 2024-02-27 02:52:21 --> ErrorException: Undefined variable $isi
in APPPATH\Views\layout\v_content.php on line 2.
 1 APPPATH\Views\layout\v_content.php(2): CodeIgniter\Debug\Exceptions->errorHandler(2, 'Undefined variable $isi', 'C:\\laragon\\www\\pengawas\\app\\Views\\layout\\v_content.php', 2)
 2 SYSTEMPATH\View\View.php(228): include('C:\\laragon\\www\\pengawas\\app\\Views\\layout\\v_content.php')
 3 SYSTEMPATH\View\View.php(231): CodeIgniter\View\View->CodeIgniter\View\{closure}()
 4 SYSTEMPATH\Common.php(1178): CodeIgniter\View\View->render('layout/v_content', [], true)
 5 APPPATH\Views\layout\v_wrapper.php(3): view('layout/v_content')
 6 SYSTEMPATH\View\View.php(228): include('C:\\laragon\\www\\pengawas\\app\\Views\\layout\\v_wrapper.php')
 7 SYSTEMPATH\View\View.php(231): CodeIgniter\View\View->CodeIgniter\View\{closure}()
 8 SYSTEMPATH\Common.php(1178): CodeIgniter\View\View->render('layout/v_wrapper', [], true)
 9 APPPATH\Controllers\Home.php(9): view('layout/v_wrapper')
10 SYSTEMPATH\CodeIgniter.php(941): App\Controllers\Home->index()
11 SYSTEMPATH\CodeIgniter.php(502): CodeIgniter\CodeIgniter->runController(Object(App\Controllers\Home))
12 SYSTEMPATH\CodeIgniter.php(361): CodeIgniter\CodeIgniter->handleRequest(null, Object(Config\Cache), false)
13 FCPATH\index.php(79): CodeIgniter\CodeIgniter->run()
CRITICAL - 2024-02-27 02:52:22 --> ErrorException: Undefined variable $isi
in APPPATH\Views\layout\v_content.php on line 2.
 1 APPPATH\Views\layout\v_content.php(2): CodeIgniter\Debug\Exceptions->errorHandler(2, 'Undefined variable $isi', 'C:\\laragon\\www\\pengawas\\app\\Views\\layout\\v_content.php', 2)
 2 SYSTEMPATH\View\View.php(228): include('C:\\laragon\\www\\pengawas\\app\\Views\\layout\\v_content.php')
 3 SYSTEMPATH\View\View.php(231): CodeIgniter\View\View->CodeIgniter\View\{closure}()
 4 SYSTEMPATH\Common.php(1178): CodeIgniter\View\View->render('layout/v_content', [], true)
 5 APPPATH\Views\layout\v_wrapper.php(3): view('layout/v_content')
 6 SYSTEMPATH\View\View.php(228): include('C:\\laragon\\www\\pengawas\\app\\Views\\layout\\v_wrapper.php')
 7 SYSTEMPATH\View\View.php(231): CodeIgniter\View\View->CodeIgniter\View\{closure}()
 8 SYSTEMPATH\Common.php(1178): CodeIgniter\View\View->render('layout/v_wrapper', [], true)
 9 APPPATH\Controllers\Home.php(9): view('layout/v_wrapper')
10 SYSTEMPATH\CodeIgniter.php(941): App\Controllers\Home->index()
11 SYSTEMPATH\CodeIgniter.php(502): CodeIgniter\CodeIgniter->runController(Object(App\Controllers\Home))
12 SYSTEMPATH\CodeIgniter.php(361): CodeIgniter\CodeIgniter->handleRequest(null, Object(Config\Cache), false)
13 FCPATH\index.php(79): CodeIgniter\CodeIgniter->run()
INFO - 2024-02-27 06:07:22 --> Session: Class initialized using 'CodeIgniter\Session\Handlers\FileHandler' driver.
INFO - 2024-02-27 06:07:26 --> Session: Class initialized using 'CodeIgniter\Session\Handlers\FileHandler' driver.
INFO - 2024-02-27 06:07:43 --> Session: Class initialized using 'CodeIgniter\Session\Handlers\FileHandler' driver.
INFO - 2024-02-27 06:07:59 --> Session: Class initialized using 'CodeIgniter\Session\Handlers\FileHandler' driver.
INFO - 2024-02-27 06:08:30 --> Session: Class initialized using 'CodeIgniter\Session\Handlers\FileHandler' driver.
INFO - 2024-02-27 06:10:20 --> Session: Class initialized using 'CodeIgniter\Session\Handlers\FileHandler' driver.
INFO - 2024-02-27 06:11:53 --> Session: Class initialized using 'CodeIgniter\Session\Handlers\FileHandler' driver.
INFO - 2024-02-27 06:12:07 --> Session: Class initialized using 'CodeIgniter\Session\Handlers\FileHandler' driver.
INFO - 2024-02-27 06:12:41 --> Session: Class initialized using 'CodeIgniter\Session\Handlers\FileHandler' driver.
INFO - 2024-02-27 06:13:31 --> Session: Class initialized using 'CodeIgniter\Session\Handlers\FileHandler' driver.
INFO - 2024-02-27 06:13:46 --> Session: Class initialized using 'CodeIgniter\Session\Handlers\FileHandler' driver.
INFO - 2024-02-27 06:14:14 --> Session: Class initialized using 'CodeIgniter\Session\Handlers\FileHandler' driver.
INFO - 2024-02-27 06:14:46 --> Session: Class initialized using 'CodeIgniter\Session\Handlers\FileHandler' driver.
INFO - 2024-02-27 06:14:56 --> Session: Class initialized using 'CodeIgniter\Session\Handlers\FileHandler' driver.
INFO - 2024-02-27 06:15:28 --> Session: Class initialized using 'CodeIgniter\Session\Handlers\FileHandler' driver.
INFO - 2024-02-27 06:15:29 --> Session: Class initialized using 'CodeIgniter\Session\Handlers\FileHandler' driver.
INFO - 2024-02-27 06:16:11 --> Session: Class initialized using 'CodeIgniter\Session\Handlers\FileHandler' driver.
INFO - 2024-02-27 06:16:39 --> Session: Class initialized using 'CodeIgniter\Session\Handlers\FileHandler' driver.
INFO - 2024-02-27 06:17:53 --> Session: Class initialized using 'CodeIgniter\Session\Handlers\FileHandler' driver.
INFO - 2024-02-27 06:18:10 --> Session: Class initialized using 'CodeIgniter\Session\Handlers\FileHandler' driver.
INFO - 2024-02-27 06:18:31 --> Session: Class initialized using 'CodeIgniter\Session\Handlers\FileHandler' driver.
INFO - 2024-02-27 06:18:43 --> Session: Class initialized using 'CodeIgniter\Session\Handlers\FileHandler' driver.
INFO - 2024-02-27 06:18:51 --> Session: Class initialized using 'CodeIgniter\Session\Handlers\FileHandler' driver.
INFO - 2024-02-27 06:19:44 --> Session: Class initialized using 'CodeIgniter\Session\Handlers\FileHandler' driver.
INFO - 2024-02-27 06:20:08 --> Session: Class initialized using 'CodeIgniter\Session\Handlers\FileHandler' driver.
INFO - 2024-02-27 06:20:13 --> Session: Class initialized using 'CodeIgniter\Session\Handlers\FileHandler' driver.
INFO - 2024-02-27 06:20:20 --> Session: Class initialized using 'CodeIgniter\Session\Handlers\FileHandler' driver.
INFO - 2024-02-27 06:20:34 --> Session: Class initialized using 'CodeIgniter\Session\Handlers\FileHandler' driver.
INFO - 2024-02-27 06:21:50 --> Session: Class initialized using 'CodeIgniter\Session\Handlers\FileHandler' driver.
INFO - 2024-02-27 06:21:52 --> Session: Class initialized using 'CodeIgniter\Session\Handlers\FileHandler' driver.
INFO - 2024-02-27 06:21:52 --> Session: Class initialized using 'CodeIgniter\Session\Handlers\FileHandler' driver.
INFO - 2024-02-27 06:23:28 --> Session: Class initialized using 'CodeIgniter\Session\Handlers\FileHandler' driver.
CRITICAL - 2024-02-27 06:23:28 --> CodeIgniter\View\Exceptions\ViewException: Invalid file: "login.php"
in SYSTEMPATH\Exceptions\FrameworkException.php on line 39.
 1 SYSTEMPATH\View\View.php(216): CodeIgniter\Exceptions\FrameworkException::forInvalidFile('login.php')
 2 SYSTEMPATH\Common.php(1178): CodeIgniter\View\View->render('login', [], true)
 3 APPPATH\Controllers\Login.php(17): view('login')
 4 SYSTEMPATH\CodeIgniter.php(941): App\Controllers\Login->index()
 5 SYSTEMPATH\CodeIgniter.php(502): CodeIgniter\CodeIgniter->runController(Object(App\Controllers\Login))
 6 SYSTEMPATH\CodeIgniter.php(361): CodeIgniter\CodeIgniter->handleRequest(null, Object(Config\Cache), false)
 7 FCPATH\index.php(79): CodeIgniter\CodeIgniter->run()
INFO - 2024-02-27 06:23:55 --> Session: Class initialized using 'CodeIgniter\Session\Handlers\FileHandler' driver.
INFO - 2024-02-27 06:24:02 --> Session: Class initialized using 'CodeIgniter\Session\Handlers\FileHandler' driver.
INFO - 2024-02-27 06:24:02 --> Session: Class initialized using 'CodeIgniter\Session\Handlers\FileHandler' driver.
CRITICAL - 2024-02-27 06:24:03 --> CodeIgniter\View\Exceptions\ViewException: Invalid file: "template/v_template.php"
in SYSTEMPATH\Exceptions\FrameworkException.php on line 39.
 1 SYSTEMPATH\View\View.php(216): CodeIgniter\Exceptions\FrameworkException::forInvalidFile('template/v_template.php')
 2 SYSTEMPATH\Common.php(1178): CodeIgniter\View\View->render('template/v_template', [], true)
 3 APPPATH\Views\staf_view.php(61): view('template/v_template')
 4 SYSTEMPATH\View\View.php(228): include('C:\\laragon\\www\\pengawas\\app\\Views\\staf_view.php')
 5 SYSTEMPATH\View\View.php(231): CodeIgniter\View\View->CodeIgniter\View\{closure}()
 6 SYSTEMPATH\Common.php(1178): CodeIgniter\View\View->render('staf_view', [], true)
 7 APPPATH\Controllers\Staf.php(30): view('staf_view', [...])
 8 SYSTEMPATH\CodeIgniter.php(941): App\Controllers\Staf->index()
 9 SYSTEMPATH\CodeIgniter.php(502): CodeIgniter\CodeIgniter->runController(Object(App\Controllers\Staf))
10 SYSTEMPATH\CodeIgniter.php(361): CodeIgniter\CodeIgniter->handleRequest(null, Object(Config\Cache), false)
11 FCPATH\index.php(79): CodeIgniter\CodeIgniter->run()
INFO - 2024-02-27 06:25:44 --> Session: Class initialized using 'CodeIgniter\Session\Handlers\FileHandler' driver.
INFO - 2024-02-27 06:26:31 --> Session: Class initialized using 'CodeIgniter\Session\Handlers\FileHandler' driver.
INFO - 2024-02-27 06:26:46 --> Session: Class initialized using 'CodeIgniter\Session\Handlers\FileHandler' driver.
INFO - 2024-02-27 06:27:11 --> Session: Class initialized using 'CodeIgniter\Session\Handlers\FileHandler' driver.
INFO - 2024-02-27 06:27:24 --> Session: Class initialized using 'CodeIgniter\Session\Handlers\FileHandler' driver.
INFO - 2024-02-27 06:28:05 --> Session: Class initialized using 'CodeIgniter\Session\Handlers\FileHandler' driver.
INFO - 2024-02-27 06:28:34 --> Session: Class initialized using 'CodeIgniter\Session\Handlers\FileHandler' driver.
INFO - 2024-02-27 06:28:48 --> Session: Class initialized using 'CodeIgniter\Session\Handlers\FileHandler' driver.
INFO - 2024-02-27 06:29:19 --> Session: Class initialized using 'CodeIgniter\Session\Handlers\FileHandler' driver.
INFO - 2024-02-27 06:31:09 --> Session: Class initialized using 'CodeIgniter\Session\Handlers\FileHandler' driver.
INFO - 2024-02-27 06:31:14 --> Session: Class initialized using 'CodeIgniter\Session\Handlers\FileHandler' driver.
INFO - 2024-02-27 06:31:40 --> Session: Class initialized using 'CodeIgniter\Session\Handlers\FileHandler' driver.
INFO - 2024-02-27 06:33:14 --> Session: Class initialized using 'CodeIgniter\Session\Handlers\FileHandler' driver.
INFO - 2024-02-27 06:33:24 --> Session: Class initialized using 'CodeIgniter\Session\Handlers\FileHandler' driver.
INFO - 2024-02-27 06:34:00 --> Session: Class initialized using 'CodeIgniter\Session\Handlers\FileHandler' driver.
INFO - 2024-02-27 06:34:08 --> Session: Class initialized using 'CodeIgniter\Session\Handlers\FileHandler' driver.
INFO - 2024-02-27 06:39:23 --> Session: Class initialized using 'CodeIgniter\Session\Handlers\FileHandler' driver.
INFO - 2024-02-27 06:40:22 --> Session: Class initialized using 'CodeIgniter\Session\Handlers\FileHandler' driver.
INFO - 2024-02-27 06:40:23 --> Session: Class initialized using 'CodeIgniter\Session\Handlers\FileHandler' driver.
INFO - 2024-02-27 06:40:23 --> Session: Class initialized using 'CodeIgniter\Session\Handlers\FileHandler' driver.
INFO - 2024-02-27 06:40:25 --> Session: Class initialized using 'CodeIgniter\Session\Handlers\FileHandler' driver.
INFO - 2024-02-27 06:40:27 --> Session: Class initialized using 'CodeIgniter\Session\Handlers\FileHandler' driver.
INFO - 2024-02-27 06:40:27 --> Session: Class initialized using 'CodeIgniter\Session\Handlers\FileHandler' driver.
INFO - 2024-02-27 06:40:30 --> Session: Class initialized using 'CodeIgniter\Session\Handlers\FileHandler' driver.
INFO - 2024-02-27 06:40:32 --> Session: Class initialized using 'CodeIgniter\Session\Handlers\FileHandler' driver.
INFO - 2024-02-27 06:40:32 --> Session: Class initialized using 'CodeIgniter\Session\Handlers\FileHandler' driver.
INFO - 2024-02-27 06:40:34 --> Session: Class initialized using 'CodeIgniter\Session\Handlers\FileHandler' driver.
INFO - 2024-02-27 06:40:36 --> Session: Class initialized using 'CodeIgniter\Session\Handlers\FileHandler' driver.
INFO - 2024-02-27 06:40:36 --> Session: Class initialized using 'CodeIgniter\Session\Handlers\FileHandler' driver.
INFO - 2024-02-27 06:40:38 --> Session: Class initialized using 'CodeIgniter\Session\Handlers\FileHandler' driver.
INFO - 2024-02-27 06:40:39 --> Session: Class initialized using 'CodeIgniter\Session\Handlers\FileHandler' driver.
INFO - 2024-02-27 06:40:40 --> Session: Class initialized using 'CodeIgniter\Session\Handlers\FileHandler' driver.
INFO - 2024-02-27 06:41:20 --> Session: Class initialized using 'CodeIgniter\Session\Handlers\FileHandler' driver.
INFO - 2024-02-27 06:41:22 --> Session: Class initialized using 'CodeIgniter\Session\Handlers\FileHandler' driver.
INFO - 2024-02-27 06:41:23 --> Session: Class initialized using 'CodeIgniter\Session\Handlers\FileHandler' driver.
INFO - 2024-02-27 06:44:17 --> Session: Class initialized using 'CodeIgniter\Session\Handlers\FileHandler' driver.
INFO - 2024-02-27 06:44:20 --> Session: Class initialized using 'CodeIgniter\Session\Handlers\FileHandler' driver.
INFO - 2024-02-27 06:44:39 --> Session: Class initialized using 'CodeIgniter\Session\Handlers\FileHandler' driver.
INFO - 2024-02-27 06:45:20 --> Session: Class initialized using 'CodeIgniter\Session\Handlers\FileHandler' driver.
INFO - 2024-02-27 06:45:39 --> Session: Class initialized using 'CodeIgniter\Session\Handlers\FileHandler' driver.
INFO - 2024-02-27 06:46:42 --> Session: Class initialized using 'CodeIgniter\Session\Handlers\FileHandler' driver.
INFO - 2024-02-27 06:46:51 --> Session: Class initialized using 'CodeIgniter\Session\Handlers\FileHandler' driver.
INFO - 2024-02-27 06:47:10 --> Session: Class initialized using 'CodeIgniter\Session\Handlers\FileHandler' driver.
